<?xml version="1.0" encoding="UTF-8"?>
<!-- Generated by org.testng.reporters.JUnitReportReporter -->
<testsuite skipped="0" hostname="callcenter2-PC" name="unitTest.Test1" tests="1" failures="0" timestamp="06 Mar 2018 06:39:24 GMT" time="0.012" errors="0">
  <testcase name="testAnnualSalary" time="0.012" classname="unitTest.Test1"/>
</testsuite> <!-- unitTest.Test1 -->
